TN:
SF:app.js
FN:22,(anonymous_0)
FN:49,(anonymous_1)
FN:54,(anonymous_2)
FNF:3
FNH:3
FNDA:5,(anonymous_0)
FNDA:3,(anonymous_1)
FNDA:3,(anonymous_2)
DA:1,5
DA:2,5
DA:3,5
DA:4,5
DA:5,5
DA:8,5
DA:9,5
DA:10,5
DA:11,5
DA:12,5
DA:14,5
DA:17,5
DA:22,5
DA:23,5
DA:24,0
DA:26,5
DA:31,5
DA:32,5
DA:34,5
DA:35,5
DA:36,5
DA:37,5
DA:38,5
DA:41,5
DA:42,5
DA:43,5
DA:44,5
DA:45,5
DA:49,5
DA:50,3
DA:54,5
DA:56,3
DA:57,3
DA:60,3
DA:61,3
DA:64,5
LF:36
LH:35
BRDA:23,0,0,0
BRDA:23,0,1,5
BRDA:57,1,0,0
BRDA:57,1,1,3
BRDA:60,2,0,3
BRDA:60,2,1,0
BRF:6
BRH:3
end_of_record
TN:
SF:database.js
FNF:0
FNH:0
DA:1,5
DA:2,5
DA:3,5
DA:15,5
LF:4
LH:4
BRF:0
BRH:0
end_of_record
TN:
SF:api/auditorium/auditorium.controller.js
FN:11,(anonymous_0)
FN:15,(anonymous_1)
FN:30,(anonymous_2)
FN:31,(anonymous_3)
FNF:4
FNH:4
FNDA:2,(anonymous_0)
FNDA:2,(anonymous_1)
FNDA:1,(anonymous_2)
FNDA:1,(anonymous_3)
DA:1,5
DA:3,5
DA:10,5
DA:12,2
DA:14,2
DA:16,2
DA:18,1
DA:23,1
DA:31,1
DA:32,1
DA:33,0
DA:34,0
DA:36,1
LF:13
LH:11
BRDA:16,0,0,1
BRDA:16,0,1,1
BRDA:32,1,0,0
BRDA:32,1,1,1
BRF:4
BRH:3
end_of_record
TN:
SF:api/auditorium/auditorium.service.js
FN:4,(anonymous_0)
FN:13,(anonymous_1)
FN:23,(anonymous_2)
FN:26,(anonymous_3)
FNF:4
FNH:4
FNDA:2,(anonymous_0)
FNDA:2,(anonymous_1)
FNDA:1,(anonymous_2)
FNDA:1,(anonymous_3)
DA:1,5
DA:3,5
DA:7,2
DA:14,2
DA:15,2
DA:16,1
DA:19,1
DA:24,1
DA:27,1
DA:28,0
DA:30,1
LF:11
LH:10
BRDA:15,0,0,1
BRDA:15,0,1,1
BRDA:27,1,0,0
BRDA:27,1,1,1
BRF:4
BRH:3
end_of_record
TN:
SF:api/booking/booking.controller.js
FN:11,(anonymous_0)
FN:15,(anonymous_1)
FN:30,(anonymous_2)
FN:31,(anonymous_3)
FNF:4
FNH:4
FNDA:1,(anonymous_0)
FNDA:1,(anonymous_1)
FNDA:1,(anonymous_2)
FNDA:1,(anonymous_3)
DA:1,5
DA:3,5
DA:10,5
DA:12,1
DA:14,1
DA:16,1
DA:18,0
DA:23,1
DA:31,1
DA:32,1
DA:33,0
DA:34,0
DA:36,1
LF:13
LH:10
BRDA:16,0,0,0
BRDA:16,0,1,1
BRDA:32,1,0,0
BRDA:32,1,1,1
BRF:4
BRH:2
end_of_record
TN:
SF:api/booking/booking.service.js
FN:5,(anonymous_0)
FN:14,(anonymous_1)
FN:24,(anonymous_2)
FN:27,(anonymous_3)
FNF:4
FNH:4
FNDA:1,(anonymous_0)
FNDA:1,(anonymous_1)
FNDA:1,(anonymous_2)
FNDA:1,(anonymous_3)
DA:2,5
DA:4,5
DA:6,1
DA:15,1
DA:16,1
DA:17,0
DA:20,1
DA:25,1
DA:28,1
DA:29,0
DA:31,1
LF:11
LH:9
BRDA:16,0,0,0
BRDA:16,0,1,1
BRDA:28,1,0,0
BRDA:28,1,1,1
BRF:4
BRH:2
end_of_record
TN:
SF:api/movie/movie.controller.js
FN:8,(anonymous_0)
FN:12,(anonymous_1)
FN:26,(anonymous_2)
FN:27,(anonymous_3)
FN:38,(anonymous_4)
FN:41,(anonymous_5)
FN:59,(anonymous_6)
FN:61,(anonymous_7)
FNF:8
FNH:4
FNDA:2,(anonymous_0)
FNDA:2,(anonymous_1)
FNDA:1,(anonymous_2)
FNDA:1,(anonymous_3)
FNDA:0,(anonymous_4)
FNDA:0,(anonymous_5)
FNDA:0,(anonymous_6)
FNDA:0,(anonymous_7)
DA:1,5
DA:3,5
DA:7,5
DA:9,2
DA:11,2
DA:13,2
DA:14,1
DA:19,1
DA:27,1
DA:28,1
DA:29,0
DA:30,0
DA:32,1
DA:39,0
DA:40,0
DA:41,0
DA:42,0
DA:43,0
DA:44,0
DA:46,0
DA:47,0
DA:48,0
DA:53,0
DA:60,0
DA:61,0
DA:62,0
DA:63,0
DA:64,0
DA:66,0
DA:67,0
DA:72,0
LF:31
LH:11
BRDA:13,0,0,1
BRDA:13,0,1,1
BRDA:28,1,0,0
BRDA:28,1,1,1
BRDA:42,2,0,0
BRDA:42,2,1,0
BRDA:47,3,0,0
BRDA:47,3,1,0
BRDA:62,4,0,0
BRDA:62,4,1,0
BRDA:66,5,0,0
BRDA:66,5,1,0
BRF:12
BRH:3
end_of_record
TN:
SF:api/movie/movie.service.js
FN:6,(anonymous_0)
FN:14,(anonymous_1)
FN:24,(anonymous_2)
FN:27,(anonymous_3)
FN:35,(anonymous_4)
FN:44,(anonymous_5)
FN:52,(anonymous_6)
FN:56,(anonymous_7)
FNF:8
FNH:4
FNDA:2,(anonymous_0)
FNDA:2,(anonymous_1)
FNDA:1,(anonymous_2)
FNDA:1,(anonymous_3)
FNDA:0,(anonymous_4)
FNDA:0,(anonymous_5)
FNDA:0,(anonymous_6)
FNDA:0,(anonymous_7)
DA:1,5
DA:2,5
DA:5,5
DA:7,2
DA:15,2
DA:16,2
DA:17,1
DA:20,1
DA:25,1
DA:28,1
DA:29,0
DA:31,1
DA:37,0
DA:45,0
DA:46,0
DA:48,0
DA:53,0
DA:57,0
DA:58,0
DA:60,0
LF:20
LH:11
BRDA:16,0,0,1
BRDA:16,0,1,1
BRDA:28,1,0,0
BRDA:28,1,1,1
BRDA:45,2,0,0
BRDA:45,2,1,0
BRDA:57,3,0,0
BRDA:57,3,1,0
BRF:8
BRH:3
end_of_record
TN:
SF:api/shows/shows.controller.js
FN:11,(anonymous_0)
FN:15,(anonymous_1)
FN:30,(anonymous_2)
FN:31,(anonymous_3)
FN:42,(anonymous_4)
FN:45,(anonymous_5)
FN:63,(anonymous_6)
FN:65,(anonymous_7)
FNF:8
FNH:6
FNDA:2,(anonymous_0)
FNDA:2,(anonymous_1)
FNDA:1,(anonymous_2)
FNDA:1,(anonymous_3)
FNDA:1,(anonymous_4)
FNDA:1,(anonymous_5)
FNDA:0,(anonymous_6)
FNDA:0,(anonymous_7)
DA:1,5
DA:3,5
DA:10,5
DA:12,2
DA:14,2
DA:16,2
DA:18,1
DA:23,1
DA:31,1
DA:32,1
DA:33,0
DA:34,0
DA:36,1
DA:43,1
DA:44,1
DA:45,1
DA:46,1
DA:47,0
DA:48,0
DA:50,1
DA:51,1
DA:52,0
DA:57,1
DA:64,0
DA:65,0
DA:66,0
DA:67,0
DA:68,0
DA:70,0
DA:71,0
DA:76,0
LF:31
LH:18
BRDA:16,0,0,1
BRDA:16,0,1,1
BRDA:32,1,0,0
BRDA:32,1,1,1
BRDA:46,2,0,0
BRDA:46,2,1,1
BRDA:51,3,0,0
BRDA:51,3,1,1
BRDA:66,4,0,0
BRDA:66,4,1,0
BRDA:70,5,0,0
BRDA:70,5,1,0
BRF:12
BRH:5
end_of_record
TN:
SF:api/shows/shows.service.js
FN:4,(anonymous_0)
FN:14,(anonymous_1)
FN:24,(anonymous_2)
FN:27,(anonymous_3)
FN:35,(anonymous_4)
FN:45,(anonymous_5)
FN:53,(anonymous_6)
FN:57,(anonymous_7)
FNF:8
FNH:6
FNDA:2,(anonymous_0)
FNDA:2,(anonymous_1)
FNDA:1,(anonymous_2)
FNDA:1,(anonymous_3)
FNDA:1,(anonymous_4)
FNDA:1,(anonymous_5)
FNDA:0,(anonymous_6)
FNDA:0,(anonymous_7)
DA:1,5
DA:3,5
DA:5,2
DA:15,2
DA:16,2
DA:17,1
DA:20,1
DA:25,1
DA:28,1
DA:29,0
DA:31,1
DA:37,1
DA:46,1
DA:47,0
DA:49,1
DA:54,0
DA:58,0
DA:59,0
DA:61,0
LF:19
LH:13
BRDA:16,0,0,1
BRDA:16,0,1,1
BRDA:28,1,0,0
BRDA:28,1,1,1
BRDA:46,2,0,0
BRDA:46,2,1,1
BRDA:58,3,0,0
BRDA:58,3,1,0
BRF:8
BRH:4
end_of_record
TN:
SF:api/users/user.controller.js
FN:12,(anonymous_0)
FN:16,(anonymous_1)
FN:30,(anonymous_2)
FN:33,(anonymous_3)
FN:52,(anonymous_4)
FN:54,(anonymous_5)
FN:65,(anonymous_6)
FN:68,(anonymous_7)
FN:86,(anonymous_8)
FN:88,(anonymous_9)
FN:105,(anonymous_10)
FN:107,(anonymous_11)
FNF:12
FNH:10
FNDA:1,(anonymous_0)
FNDA:1,(anonymous_1)
FNDA:1,(anonymous_2)
FNDA:1,(anonymous_3)
FNDA:0,(anonymous_4)
FNDA:0,(anonymous_5)
FNDA:1,(anonymous_6)
FNDA:1,(anonymous_7)
FNDA:1,(anonymous_8)
FNDA:1,(anonymous_9)
FNDA:6,(anonymous_10)
FNDA:6,(anonymous_11)
DA:1,5
DA:3,5
DA:4,5
DA:5,5
DA:6,5
DA:7,5
DA:11,5
DA:13,1
DA:15,1
DA:17,1
DA:19,0
DA:24,1
DA:31,1
DA:32,1
DA:33,1
DA:34,1
DA:35,0
DA:36,0
DA:38,1
DA:39,0
DA:44,1
DA:49,0
DA:53,0
DA:54,0
DA:55,0
DA:56,0
DA:57,0
DA:59,0
DA:66,1
DA:67,1
DA:68,1
DA:69,1
DA:70,0
DA:71,0
DA:73,1
DA:74,1
DA:75,0
DA:80,1
DA:87,1
DA:88,1
DA:89,1
DA:90,0
DA:91,0
DA:93,1
DA:94,1
DA:99,0
DA:106,6
DA:107,6
DA:108,6
DA:109,0
DA:111,6
DA:112,0
DA:117,6
DA:118,6
DA:119,6
DA:120,6
DA:121,6
DA:122,6
DA:123,6
DA:124,6
DA:130,0
LF:61
LH:41
BRDA:17,0,0,0
BRDA:17,0,1,1
BRDA:34,1,0,0
BRDA:34,1,1,1
BRDA:38,2,0,0
BRDA:38,2,1,1
BRDA:55,3,0,0
BRDA:55,3,1,0
BRDA:69,4,0,0
BRDA:69,4,1,1
BRDA:74,5,0,0
BRDA:74,5,1,1
BRDA:89,6,0,0
BRDA:89,6,1,1
BRDA:93,7,0,1
BRDA:93,7,1,0
BRDA:108,8,0,0
BRDA:108,8,1,6
BRDA:111,9,0,0
BRDA:111,9,1,6
BRDA:121,10,0,6
BRDA:121,10,1,0
BRF:22
BRH:10
end_of_record
TN:
SF:api/users/user.service.js
FN:5,(anonymous_0)
FN:15,(anonymous_1)
FN:25,(anonymous_2)
FN:28,(anonymous_3)
FN:36,(anonymous_4)
FN:42,(anonymous_5)
FN:50,(anonymous_6)
FN:54,(anonymous_7)
FN:62,(anonymous_8)
FN:73,(anonymous_9)
FN:81,(anonymous_10)
FN:85,(anonymous_11)
FNF:12
FNH:10
FNDA:1,(anonymous_0)
FNDA:1,(anonymous_1)
FNDA:0,(anonymous_2)
FNDA:0,(anonymous_3)
FNDA:1,(anonymous_4)
FNDA:1,(anonymous_5)
FNDA:6,(anonymous_6)
FNDA:6,(anonymous_7)
FNDA:1,(anonymous_8)
FNDA:1,(anonymous_9)
FNDA:1,(anonymous_10)
FNDA:1,(anonymous_11)
DA:1,5
DA:2,5
DA:4,5
DA:6,1
DA:7,1
DA:16,1
DA:17,1
DA:18,0
DA:21,1
DA:26,0
DA:29,0
DA:30,0
DA:32,0
DA:37,1
DA:38,1
DA:43,1
DA:44,0
DA:46,1
DA:51,6
DA:55,6
DA:56,0
DA:58,6
DA:63,1
DA:64,1
DA:65,1
DA:74,1
DA:75,0
DA:77,1
DA:82,1
DA:86,1
DA:87,0
DA:89,1
LF:32
LH:23
BRDA:17,0,0,0
BRDA:17,0,1,1
BRDA:29,1,0,0
BRDA:29,1,1,0
BRDA:43,2,0,0
BRDA:43,2,1,1
BRDA:55,3,0,0
BRDA:55,3,1,6
BRDA:74,4,0,0
BRDA:74,4,1,1
BRDA:86,5,0,0
BRDA:86,5,1,1
BRF:12
BRH:5
end_of_record
TN:
SF:auth/token_validation.js
FN:4,(anonymous_0)
FN:9,(anonymous_1)
FNF:2
FNH:2
FNDA:15,(anonymous_0)
FNDA:15,(anonymous_1)
DA:1,5
DA:3,5
DA:5,15
DA:7,15
DA:8,15
DA:9,15
DA:10,15
DA:11,0
DA:16,15
DA:20,0
LF:10
LH:8
BRDA:7,0,0,15
BRDA:7,0,1,0
BRDA:10,1,0,0
BRDA:10,1,1,15
BRF:4
BRH:2
end_of_record
TN:
SF:routes/auditorium.router.js
FNF:0
FNH:0
DA:1,5
DA:2,5
DA:3,5
DA:6,5
DA:7,5
DA:9,5
LF:6
LH:6
BRF:0
BRH:0
end_of_record
TN:
SF:routes/booking.router.js
FNF:0
FNH:0
DA:1,5
DA:2,5
DA:3,5
DA:6,5
DA:7,5
DA:9,5
LF:6
LH:6
BRF:0
BRH:0
end_of_record
TN:
SF:routes/movie.router.js
FNF:0
FNH:0
DA:1,5
DA:2,5
DA:3,5
DA:6,5
DA:7,5
DA:8,5
DA:9,5
DA:12,5
LF:8
LH:8
BRF:0
BRH:0
end_of_record
TN:
SF:routes/shows.router.js
FNF:0
FNH:0
DA:1,5
DA:2,5
DA:3,5
DA:6,5
DA:7,5
DA:8,5
DA:9,5
DA:12,5
LF:8
LH:8
BRF:0
BRH:0
end_of_record
TN:
SF:routes/user.router.js
FNF:0
FNH:0
DA:1,5
DA:2,5
DA:3,5
DA:4,5
DA:7,5
DA:8,5
DA:9,5
DA:10,5
DA:11,5
DA:12,5
DA:15,5
LF:11
LH:11
BRF:0
BRH:0
end_of_record
